
2026/04/07 (10:00:45) | ===> btop++ v.1.3.0
2026/04/07 (10:00:45) | INFO: Logger set to INFO
2026/04/07 (10:00:45) | INFO: Running on /dev/pts/5
2026/04/07 (10:00:45) | INFO: Failed to load libnvidia-ml.so, NVIDIA GPUs will not be detected: libnvidia-ml.so.1: cannot open shared object file: No such file or directory
2026/04/07 (10:00:45) | INFO: Failed to load librocm_smi64.so, AMD GPUs will not be detected: librocm_smi64.so.1.0: cannot open shared object file: No such file or directory

2026/04/07 (11:42:40) | ===> btop++ v.1.3.0
2026/04/07 (11:42:40) | INFO: Logger set to INFO
2026/04/07 (11:42:40) | INFO: Running on /dev/pts/1
2026/04/07 (11:42:40) | INFO: Failed to load libnvidia-ml.so, NVIDIA GPUs will not be detected: libnvidia-ml.so.1: cannot open shared object file: No such file or directory
2026/04/07 (11:42:40) | INFO: Failed to load librocm_smi64.so, AMD GPUs will not be detected: librocm_smi64.so.1.0: cannot open shared object file: No such file or directory

2026/04/07 (11:50:02) | ===> btop++ v.1.3.0
2026/04/07 (11:50:02) | INFO: Logger set to INFO
2026/04/07 (11:50:02) | INFO: Running on /dev/pts/0
2026/04/07 (11:50:02) | INFO: Failed to load libnvidia-ml.so, NVIDIA GPUs will not be detected: libnvidia-ml.so.1: cannot open shared object file: No such file or directory
2026/04/07 (11:50:02) | INFO: Failed to load librocm_smi64.so, AMD GPUs will not be detected: librocm_smi64.so.1.0: cannot open shared object file: No such file or directory
2026/04/07 (11:50:03) | INFO: Quitting! Runtime: 00:00:01

2026/04/07 (11:57:20) | ===> btop++ v.1.3.0
2026/04/07 (11:57:20) | INFO: Logger set to INFO
2026/04/07 (11:57:20) | INFO: Running on /dev/pts/1
2026/04/07 (11:57:20) | INFO: Failed to load libnvidia-ml.so, NVIDIA GPUs will not be detected: libnvidia-ml.so.1: cannot open shared object file: No such file or directory
2026/04/07 (11:57:20) | INFO: Failed to load librocm_smi64.so, AMD GPUs will not be detected: librocm_smi64.so.1.0: cannot open shared object file: No such file or directory

2026/04/07 (12:13:58) | ===> btop++ v.1.3.0
2026/04/07 (12:13:58) | INFO: Logger set to INFO
2026/04/07 (12:13:58) | INFO: Running on /dev/pts/0
2026/04/07 (12:13:58) | INFO: Failed to load libnvidia-ml.so, NVIDIA GPUs will not be detected: libnvidia-ml.so.1: cannot open shared object file: No such file or directory
2026/04/07 (12:13:58) | INFO: Failed to load librocm_smi64.so, AMD GPUs will not be detected: librocm_smi64.so.1.0: cannot open shared object file: No such file or directory

2026/04/08 (17:11:34) | ===> btop++ v.1.3.0
2026/04/08 (17:11:34) | INFO: Logger set to INFO
2026/04/08 (17:11:34) | INFO: Running on /dev/pts/4
2026/04/08 (17:11:34) | INFO: Failed to load libnvidia-ml.so, NVIDIA GPUs will not be detected: libnvidia-ml.so.1: cannot open shared object file: No such file or directory
2026/04/08 (17:11:34) | INFO: Failed to load librocm_smi64.so, AMD GPUs will not be detected: librocm_smi64.so.1.0: cannot open shared object file: No such file or directory

2026/04/13 (10:05:28) | ===> btop++ v.1.3.0
2026/04/13 (10:05:28) | INFO: Logger set to INFO
2026/04/13 (10:05:28) | INFO: Running on /dev/pts/2
2026/04/13 (10:05:28) | INFO: Failed to load libnvidia-ml.so, NVIDIA GPUs will not be detected: libnvidia-ml.so.1: cannot open shared object file: No such file or directory
2026/04/13 (10:05:28) | INFO: Failed to load librocm_smi64.so, AMD GPUs will not be detected: librocm_smi64.so.1.0: cannot open shared object file: No such file or directory

2026/04/13 (13:20:06) | ===> btop++ v.1.3.0
2026/04/13 (13:20:06) | INFO: Logger set to INFO
2026/04/13 (13:20:06) | INFO: Running on /dev/pts/3
2026/04/13 (13:20:06) | INFO: Failed to load libnvidia-ml.so, NVIDIA GPUs will not be detected: libnvidia-ml.so.1: cannot open shared object file: No such file or directory
2026/04/13 (13:20:06) | INFO: Failed to load librocm_smi64.so, AMD GPUs will not be detected: librocm_smi64.so.1.0: cannot open shared object file: No such file or directory
2026/04/13 (13:20:11) | INFO: Quitting! Runtime: 00:00:05

2026/04/14 (11:32:49) | ===> btop++ v.1.3.0
2026/04/14 (11:32:49) | INFO: Logger set to INFO
2026/04/14 (11:32:49) | INFO: Running on /dev/pts/0
2026/04/14 (11:32:49) | INFO: Failed to load libnvidia-ml.so, NVIDIA GPUs will not be detected: libnvidia-ml.so.1: cannot open shared object file: No such file or directory
2026/04/14 (11:32:49) | INFO: Failed to load librocm_smi64.so, AMD GPUs will not be detected: librocm_smi64.so.1.0: cannot open shared object file: No such file or directory

2026/04/14 (12:18:03) | ===> btop++ v.1.3.0
2026/04/14 (12:18:03) | INFO: Logger set to INFO
2026/04/14 (12:18:03) | INFO: Running on /dev/pts/9
2026/04/14 (12:18:03) | INFO: Failed to load libnvidia-ml.so, NVIDIA GPUs will not be detected: libnvidia-ml.so.1: cannot open shared object file: No such file or directory
2026/04/14 (12:18:03) | INFO: Failed to load librocm_smi64.so, AMD GPUs will not be detected: librocm_smi64.so.1.0: cannot open shared object file: No such file or directory

2026/04/14 (16:22:23) | ===> btop++ v.1.3.0
2026/04/14 (16:22:23) | INFO: Logger set to INFO
2026/04/14 (16:22:23) | INFO: Running on /dev/pts/6
2026/04/14 (16:22:23) | INFO: Failed to load libnvidia-ml.so, NVIDIA GPUs will not be detected: libnvidia-ml.so.1: cannot open shared object file: No such file or directory
2026/04/14 (16:22:23) | INFO: Failed to load librocm_smi64.so, AMD GPUs will not be detected: librocm_smi64.so.1.0: cannot open shared object file: No such file or directory

2026/04/16 (11:37:13) | ===> btop++ v.1.3.0
2026/04/16 (11:37:13) | INFO: Logger set to INFO
2026/04/16 (11:37:13) | INFO: Running on /dev/pts/0
2026/04/16 (11:37:13) | INFO: Failed to load libnvidia-ml.so, NVIDIA GPUs will not be detected: libnvidia-ml.so.1: cannot open shared object file: No such file or directory
2026/04/16 (11:37:13) | INFO: Failed to load librocm_smi64.so, AMD GPUs will not be detected: librocm_smi64.so.1.0: cannot open shared object file: No such file or directory
2026/04/16 (11:37:14) | INFO: Quitting! Runtime: 00:00:01

2026/04/21 (13:32:16) | ===> btop++ v.1.3.0
2026/04/21 (13:32:16) | INFO: Logger set to INFO
2026/04/21 (13:32:16) | INFO: Running on /dev/pts/2
2026/04/21 (13:32:16) | INFO: Failed to load libnvidia-ml.so, NVIDIA GPUs will not be detected: libnvidia-ml.so.1: cannot open shared object file: No such file or directory
2026/04/21 (13:32:16) | INFO: Failed to load librocm_smi64.so, AMD GPUs will not be detected: librocm_smi64.so.1.0: cannot open shared object file: No such file or directory
2026/04/21 (13:32:23) | INFO: Quitting! Runtime: 00:00:07

2026/04/21 (16:04:30) | ===> btop++ v.1.3.0
2026/04/21 (16:04:30) | INFO: Logger set to INFO
2026/04/21 (16:04:30) | INFO: Running on /dev/pts/0
2026/04/21 (16:04:30) | INFO: Failed to load libnvidia-ml.so, NVIDIA GPUs will not be detected: libnvidia-ml.so.1: cannot open shared object file: No such file or directory
2026/04/21 (16:04:30) | INFO: Failed to load librocm_smi64.so, AMD GPUs will not be detected: librocm_smi64.so.1.0: cannot open shared object file: No such file or directory

2026/04/21 (16:05:03) | ===> btop++ v.1.3.0
2026/04/21 (16:05:03) | INFO: Logger set to INFO
2026/04/21 (16:05:03) | INFO: Running on /dev/pts/0
2026/04/21 (16:05:03) | INFO: Failed to load libnvidia-ml.so, NVIDIA GPUs will not be detected: libnvidia-ml.so.1: cannot open shared object file: No such file or directory
2026/04/21 (16:05:03) | INFO: Failed to load librocm_smi64.so, AMD GPUs will not be detected: librocm_smi64.so.1.0: cannot open shared object file: No such file or directory

2026/04/22 (08:05:48) | ===> btop++ v.1.3.0
2026/04/22 (08:05:48) | INFO: Logger set to INFO
2026/04/22 (08:05:48) | INFO: Running on /dev/pts/0
2026/04/22 (08:05:48) | INFO: Failed to load libnvidia-ml.so, NVIDIA GPUs will not be detected: libnvidia-ml.so.1: cannot open shared object file: No such file or directory
2026/04/22 (08:05:48) | INFO: Failed to load librocm_smi64.so, AMD GPUs will not be detected: librocm_smi64.so.1.0: cannot open shared object file: No such file or directory

2026/04/22 (08:21:34) | ===> btop++ v.1.3.0
2026/04/22 (08:21:34) | INFO: Logger set to INFO
2026/04/22 (08:21:34) | INFO: Running on /dev/pts/0
2026/04/22 (08:21:34) | INFO: Failed to load libnvidia-ml.so, NVIDIA GPUs will not be detected: libnvidia-ml.so.1: cannot open shared object file: No such file or directory
2026/04/22 (08:21:34) | INFO: Failed to load librocm_smi64.so, AMD GPUs will not be detected: librocm_smi64.so.1.0: cannot open shared object file: No such file or directory

2026/04/22 (08:22:19) | ===> btop++ v.1.3.0
2026/04/22 (08:22:19) | INFO: Logger set to INFO
2026/04/22 (08:22:19) | INFO: Running on /dev/pts/0
2026/04/22 (08:22:19) | INFO: Failed to load libnvidia-ml.so, NVIDIA GPUs will not be detected: libnvidia-ml.so.1: cannot open shared object file: No such file or directory
2026/04/22 (08:22:19) | INFO: Failed to load librocm_smi64.so, AMD GPUs will not be detected: librocm_smi64.so.1.0: cannot open shared object file: No such file or directory

2026/04/22 (08:22:39) | ===> btop++ v.1.3.0
2026/04/22 (08:22:39) | INFO: Logger set to INFO
2026/04/22 (08:22:39) | INFO: Running on /dev/pts/0
2026/04/22 (08:22:39) | INFO: Failed to load libnvidia-ml.so, NVIDIA GPUs will not be detected: libnvidia-ml.so.1: cannot open shared object file: No such file or directory
2026/04/22 (08:22:39) | INFO: Failed to load librocm_smi64.so, AMD GPUs will not be detected: librocm_smi64.so.1.0: cannot open shared object file: No such file or directory

2026/04/22 (08:29:21) | ===> btop++ v.1.3.0
2026/04/22 (08:29:21) | INFO: Logger set to INFO
2026/04/22 (08:29:21) | INFO: Running on /dev/pts/0
2026/04/22 (08:29:21) | INFO: Failed to load libnvidia-ml.so, NVIDIA GPUs will not be detected: libnvidia-ml.so.1: cannot open shared object file: No such file or directory
2026/04/22 (08:29:21) | INFO: Failed to load librocm_smi64.so, AMD GPUs will not be detected: librocm_smi64.so.1.0: cannot open shared object file: No such file or directory

2026/04/22 (09:02:50) | ===> btop++ v.1.3.0
2026/04/22 (09:02:50) | INFO: Logger set to INFO
2026/04/22 (09:02:50) | INFO: Running on /dev/pts/1
2026/04/22 (09:02:50) | INFO: Failed to load libnvidia-ml.so, NVIDIA GPUs will not be detected: libnvidia-ml.so.1: cannot open shared object file: No such file or directory
2026/04/22 (09:02:50) | INFO: Failed to load librocm_smi64.so, AMD GPUs will not be detected: librocm_smi64.so.1.0: cannot open shared object file: No such file or directory
2026/04/22 (09:02:56) | INFO: Quitting! Runtime: 00:00:06

2026/04/22 (09:07:15) | ===> btop++ v.1.3.0
2026/04/22 (09:07:15) | INFO: Logger set to INFO
2026/04/22 (09:07:15) | INFO: Running on /dev/pts/1
2026/04/22 (09:07:15) | INFO: Failed to load libnvidia-ml.so, NVIDIA GPUs will not be detected: libnvidia-ml.so.1: cannot open shared object file: No such file or directory
2026/04/22 (09:07:15) | INFO: Failed to load librocm_smi64.so, AMD GPUs will not be detected: librocm_smi64.so.1.0: cannot open shared object file: No such file or directory

2026/04/22 (09:08:37) | ===> btop++ v.1.3.0
2026/04/22 (09:08:37) | INFO: Logger set to INFO
2026/04/22 (09:08:37) | INFO: Running on /dev/pts/1
2026/04/22 (09:08:37) | INFO: Failed to load libnvidia-ml.so, NVIDIA GPUs will not be detected: libnvidia-ml.so.1: cannot open shared object file: No such file or directory
2026/04/22 (09:08:37) | INFO: Failed to load librocm_smi64.so, AMD GPUs will not be detected: librocm_smi64.so.1.0: cannot open shared object file: No such file or directory
2026/04/22 (09:09:01) | INFO: Quitting! Runtime: 00:00:24

2026/04/22 (09:09:41) | ===> btop++ v.1.3.0
2026/04/22 (09:09:41) | INFO: Logger set to INFO
2026/04/22 (09:09:41) | INFO: Running on /dev/pts/2
2026/04/22 (09:09:41) | INFO: Failed to load libnvidia-ml.so, NVIDIA GPUs will not be detected: libnvidia-ml.so.1: cannot open shared object file: No such file or directory
2026/04/22 (09:09:41) | INFO: Failed to load librocm_smi64.so, AMD GPUs will not be detected: librocm_smi64.so.1.0: cannot open shared object file: No such file or directory

2026/04/22 (09:15:34) | ===> btop++ v.1.3.0
2026/04/22 (09:15:34) | INFO: Logger set to INFO
2026/04/22 (09:15:34) | INFO: Running on /dev/pts/2
2026/04/22 (09:15:34) | INFO: Failed to load libnvidia-ml.so, NVIDIA GPUs will not be detected: libnvidia-ml.so.1: cannot open shared object file: No such file or directory
2026/04/22 (09:15:34) | INFO: Failed to load librocm_smi64.so, AMD GPUs will not be detected: librocm_smi64.so.1.0: cannot open shared object file: No such file or directory

2026/04/22 (09:16:03) | ===> btop++ v.1.3.0
2026/04/22 (09:16:03) | INFO: Logger set to INFO
2026/04/22 (09:16:03) | INFO: Running on /dev/pts/2
2026/04/22 (09:16:03) | INFO: Failed to load libnvidia-ml.so, NVIDIA GPUs will not be detected: libnvidia-ml.so.1: cannot open shared object file: No such file or directory
2026/04/22 (09:16:03) | INFO: Failed to load librocm_smi64.so, AMD GPUs will not be detected: librocm_smi64.so.1.0: cannot open shared object file: No such file or directory

2026/04/22 (09:16:32) | ===> btop++ v.1.3.0
2026/04/22 (09:16:32) | INFO: Logger set to INFO
2026/04/22 (09:16:32) | INFO: Running on /dev/pts/1
2026/04/22 (09:16:32) | INFO: Failed to load libnvidia-ml.so, NVIDIA GPUs will not be detected: libnvidia-ml.so.1: cannot open shared object file: No such file or directory
2026/04/22 (09:16:32) | INFO: Failed to load librocm_smi64.so, AMD GPUs will not be detected: librocm_smi64.so.1.0: cannot open shared object file: No such file or directory

2026/04/22 (09:17:05) | ===> btop++ v.1.3.0
2026/04/22 (09:17:05) | INFO: Logger set to INFO
2026/04/22 (09:17:05) | INFO: Running on /dev/pts/2
2026/04/22 (09:17:05) | INFO: Failed to load libnvidia-ml.so, NVIDIA GPUs will not be detected: libnvidia-ml.so.1: cannot open shared object file: No such file or directory
2026/04/22 (09:17:05) | INFO: Failed to load librocm_smi64.so, AMD GPUs will not be detected: librocm_smi64.so.1.0: cannot open shared object file: No such file or directory

2026/04/22 (09:17:31) | ===> btop++ v.1.3.0
2026/04/22 (09:17:31) | INFO: Logger set to INFO
2026/04/22 (09:17:31) | INFO: Running on /dev/pts/1
2026/04/22 (09:17:31) | INFO: Failed to load libnvidia-ml.so, NVIDIA GPUs will not be detected: libnvidia-ml.so.1: cannot open shared object file: No such file or directory
2026/04/22 (09:17:31) | INFO: Failed to load librocm_smi64.so, AMD GPUs will not be detected: librocm_smi64.so.1.0: cannot open shared object file: No such file or directory
2026/04/22 (09:17:39) | INFO: Quitting! Runtime: 00:00:08

2026/04/24 (08:08:30) | ===> btop++ v.1.3.0
2026/04/24 (08:08:30) | INFO: Logger set to INFO
2026/04/24 (08:08:30) | INFO: Running on /dev/pts/1
2026/04/24 (08:08:30) | INFO: Failed to load libnvidia-ml.so, NVIDIA GPUs will not be detected: libnvidia-ml.so.1: cannot open shared object file: No such file or directory
2026/04/24 (08:08:30) | INFO: Failed to load librocm_smi64.so, AMD GPUs will not be detected: librocm_smi64.so.1.0: cannot open shared object file: No such file or directory
2026/04/24 (08:08:33) | INFO: Quitting! Runtime: 00:00:03
